[2017-03-09 16:25:20] Fakers_Log.WARNING: Foo [] []
[2017-03-09 16:25:20] Fakers_Log.ERROR: Bar [] []
[2017-03-09 16:25:20] Fakers_Log.INFO: Prueva de logs LAravel 5.3 [] []
[2017-03-09 16:41:18] Resource.INFO: 1 [] []
[2017-03-09 16:41:18] Resource.INFO: 1 [] []
[2017-03-09 16:41:18] Resource.INFO: 1 [] []
[2017-03-09 16:41:18] Resource.INFO: 1 [] []
[2017-03-09 16:41:18] Resource.INFO: 1 [] []
[2017-03-09 16:41:18] Resource.INFO: 1 [] []
[2017-03-09 16:41:18] Resource.INFO: 1 [] []
[2017-03-09 16:41:18] Resource.INFO: 1 [] []
[2017-03-09 16:41:18] Resource.INFO: 1 [] []
[2017-03-09 16:41:18] Resource.INFO: 1 [] []
[2017-03-09 16:50:08] Resource.INFO: 1 [] []
[2017-03-09 16:50:08] Resource.INFO: 1 [] []
[2017-03-09 16:50:08] Resource.INFO: 1 [] []
[2017-03-09 16:50:08] Resource.INFO: 1 [] []
[2017-03-09 16:50:08] Resource.INFO: 1 [] []
[2017-03-09 16:50:08] Resource.INFO: 1 [] []
[2017-03-09 16:50:08] Resource.INFO: 1 [] []
[2017-03-09 16:50:08] Resource.INFO: 1 [] []
[2017-03-09 16:50:08] Resource.INFO: 1 [] []
[2017-03-09 16:50:08] Resource.INFO: 1 [] []
[2017-03-09 16:50:56] Resource.INFO: 1 [] []
[2017-03-09 16:50:56] Resource.INFO: 1 [] []
[2017-03-09 16:50:56] Resource.INFO: 1 [] []
[2017-03-09 16:50:56] Resource.INFO: 1 [] []
[2017-03-09 16:50:56] Resource.INFO: 1 [] []
[2017-03-09 16:50:56] Resource.INFO: 1 [] []
[2017-03-09 16:50:56] Resource.INFO: 1 [] []
[2017-03-09 16:50:56] Resource.INFO: 1 [] []
[2017-03-09 16:50:56] Resource.INFO: 1 [] []
[2017-03-09 16:50:56] Resource.INFO: 1 [] []
[2017-03-09 16:50:56] Resource.INFO: 1 [] []
[2017-03-09 16:50:56] Resource.INFO: 1 [] []
[2017-03-09 16:50:56] Resource.INFO: 1 [] []
[2017-03-09 16:50:56] Resource.INFO: 1 [] []
[2017-03-09 16:50:56] Resource.INFO: 1 [] []
[2017-03-09 16:50:56] Resource.INFO: 1 [] []
[2017-03-09 16:50:56] Resource.INFO: 1 [] []
[2017-03-09 16:50:56] Resource.INFO: 1 [] []
[2017-03-09 16:50:56] Resource.INFO: 1 [] []
[2017-03-09 16:50:56] Resource.INFO: 1 [] []
[2017-03-09 16:54:57] Resource.INFO: 1 [] []
[2017-03-09 16:54:57] Resource.INFO: 1 [] []
[2017-03-09 16:54:57] Resource.INFO: 1 [] []
[2017-03-09 16:54:57] Resource.INFO: 1 [] []
[2017-03-09 16:54:57] Resource.INFO: 1 [] []
[2017-03-09 16:54:57] Resource.INFO: 1 [] []
[2017-03-09 16:54:57] Resource.INFO: 1 [] []
[2017-03-09 16:54:57] Resource.INFO: 1 [] []
[2017-03-09 16:54:57] Resource.INFO: 1 [] []
[2017-03-09 16:54:57] Resource.INFO: 1 [] []
[2017-03-09 16:54:57] Resource.INFO: 1 [] []
[2017-03-09 16:54:57] Resource.INFO: 1 [] []
[2017-03-09 16:54:57] Resource.INFO: 1 [] []
[2017-03-09 16:54:57] Resource.INFO: 1 [] []
[2017-03-09 16:54:57] Resource.INFO: 1 [] []
[2017-03-09 16:54:57] Resource.INFO: 1 [] []
[2017-03-09 16:54:57] Resource.INFO: 1 [] []
[2017-03-09 16:54:57] Resource.INFO: 1 [] []
[2017-03-09 16:54:57] Resource.INFO: 1 [] []
[2017-03-09 16:54:57] Resource.INFO: 1 [] []
[2017-03-09 17:10:51] Resource.INFO: images 20.jpg [] []
[2017-03-09 17:10:51] Resource.INFO: 1 [] []
[2017-03-09 17:10:51] Resource.INFO: images 19.jpg [] []
[2017-03-09 17:10:51] Resource.INFO: 1 [] []
[2017-03-09 17:10:51] Resource.INFO: images 10.jpg [] []
[2017-03-09 17:10:51] Resource.INFO: 1 [] []
[2017-03-09 17:10:51] Resource.INFO: images 14.jpg [] []
[2017-03-09 17:10:51] Resource.INFO: 1 [] []
[2017-03-09 17:10:51] Resource.INFO: images 01.jpg [] []
[2017-03-09 17:10:51] Resource.INFO: 1 [] []
[2017-03-09 17:10:51] Resource.INFO: images 05.jpg [] []
[2017-03-09 17:10:51] Resource.INFO: 1 [] []
[2017-03-09 17:10:51] Resource.INFO: images 01.jpg [] []
[2017-03-09 17:10:51] Resource.INFO: 1 [] []
[2017-03-09 17:10:51] Resource.INFO: images 16.jpg [] []
[2017-03-09 17:10:51] Resource.INFO: 1 [] []
[2017-03-09 17:10:51] Resource.INFO: images 09.jpg [] []
[2017-03-09 17:10:51] Resource.INFO: 1 [] []
[2017-03-09 17:10:51] Resource.INFO: images 02.jpg [] []
[2017-03-09 17:10:51] Resource.INFO: 1 [] []
[2017-03-09 17:11:13] Resource.INFO: images 02.jpg [] []
[2017-03-09 17:11:13] Resource.INFO: 1 [] []
[2017-03-09 17:11:13] Resource.INFO: images 09.jpg [] []
[2017-03-09 17:11:13] Resource.INFO: 1 [] []
[2017-03-09 17:11:13] Resource.INFO: images 15.jpg [] []
[2017-03-09 17:11:13] Resource.INFO: 1 [] []
[2017-03-09 17:11:13] Resource.INFO: images 07.jpg [] []
[2017-03-09 17:11:13] Resource.INFO: 1 [] []
[2017-03-09 17:11:13] Resource.INFO: images 12.jpg [] []
[2017-03-09 17:11:13] Resource.INFO: 1 [] []
[2017-03-09 17:11:13] Resource.INFO: images 04.jpg [] []
[2017-03-09 17:11:13] Resource.INFO: 1 [] []
[2017-03-09 17:11:13] Resource.INFO: images 09.jpg [] []
[2017-03-09 17:11:13] Resource.INFO: 1 [] []
[2017-03-09 17:11:13] Resource.INFO: images 12.jpg [] []
[2017-03-09 17:11:13] Resource.INFO: 1 [] []
[2017-03-09 17:11:13] Resource.INFO: images 15.jpg [] []
[2017-03-09 17:11:13] Resource.INFO: 1 [] []
[2017-03-09 17:11:13] Resource.INFO: images 13.jpg [] []
[2017-03-09 17:11:13] Resource.INFO: 1 [] []
[2017-03-09 17:24:48] Resource.INFO: images 04.jpg [] []
[2017-03-09 17:24:48] Resource.INFO: images 09.jpg [] []
[2017-03-09 17:24:48] Resource.INFO: images 11.jpg [] []
[2017-03-09 17:24:48] Resource.INFO: images 17.jpg [] []
[2017-03-09 17:24:48] Resource.INFO: images 12.jpg [] []
[2017-03-09 17:24:48] Resource.INFO: images 13.jpg [] []
[2017-03-09 17:24:48] Resource.INFO: images 04.jpg [] []
[2017-03-09 17:24:48] Resource.INFO: images 10.jpg [] []
[2017-03-09 17:24:48] Resource.INFO: images 14.jpg [] []
[2017-03-09 17:24:48] Resource.INFO: images 10.jpg [] []
[2017-03-10 15:05:25] Fakers ->.INFO: Faking Resource [] []
[2017-03-10 15:05:25] Fakers ->.INFO: Faking Resource [] []
[2017-03-10 15:05:25] Fakers ->.INFO: Faking Resource [] []
[2017-03-10 15:05:25] Fakers ->.INFO: Faking Resource [] []
[2017-03-10 15:05:25] Fakers ->.INFO: Faking Resource [] []
[2017-03-10 15:05:25] Fakers ->.INFO: Faking Resource [] []
[2017-03-10 15:05:25] Fakers ->.INFO: Faking Resource [] []
[2017-03-10 15:05:25] Fakers ->.INFO: Faking Resource [] []
[2017-03-10 15:05:25] Fakers ->.INFO: Faking Resource [] []
[2017-03-10 15:05:25] Fakers ->.INFO: Faking Resource [] []
