[2017-03-10 16:09:11] Fakers ->.INFO: Faking Resource [] []
[2017-03-10 16:09:11] Fakers ->.INFO: Faking Resource [] []
[2017-03-10 16:09:11] Fakers ->.INFO: Faking Resource [] []
[2017-03-10 16:09:11] Fakers ->.INFO: Faking Resource [] []
[2017-03-10 16:09:11] Fakers ->.INFO: Faking Resource [] []
[2017-03-10 16:09:11] Fakers ->.INFO: Faking Resource [] []
[2017-03-10 16:09:11] Fakers ->.INFO: Faking Resource [] []
[2017-03-10 16:09:11] Fakers ->.INFO: Faking Resource [] []
[2017-03-10 16:09:11] Fakers ->.INFO: Faking Resource [] []
[2017-03-10 16:09:11] Fakers ->.INFO: Faking Resource [] []
[2017-03-10 16:10:11] Resource store.INFO: Hola new log [] []
[2017-03-10 16:10:11] Resource store.INFO: data [] []
[2017-03-10 16:10:39] Resource store.INFO: Hola new log [] []
[2017-03-10 16:10:39] Resource store.INFO: data [] []
[2017-03-10 16:10:51] Resource store.INFO: Hola new log [] []
[2017-03-10 16:10:51] Resource store.INFO: data [] []
[2017-03-10 16:14:49] Resource store.INFO: datag sad                   sdg                            Nico [] []
[2017-03-10 16:15:34] Resource store.INFO: datag sad                   sdg                            Nico [] []
[2017-03-10 16:17:13] Resource store.INFO: datatitulo subtitulo Hola esto ees una descripcion                                              Nicop [] []
[2017-03-10 16:23:04] Resource store.INFO: dataEste Titulo Uçn subtitulo hola que tal como vas tu                                               Nico [] []
[2017-03-10 16:25:25] Resource store.INFO: data->   aaaaaaaaaaaa aaaaaaaaaaaaa                  aaaaaaaaaaaaaaa                             aaaaaaaaaaa [] []
[2017-03-10 16:34:38] Resource store.INFO: data->   asdasdasdasdsada ku gug                                               [] []
[2017-03-10 16:35:05] Resource store.INFO: data->   asdasdasdasdsada ku gug                                              asdad asdasdas [] []
[2017-03-10 16:35:45] Resource store.INFO: data->   asdasdasdasdsada ku gug                                              asdad asdasdas [] []
[2017-03-10 16:36:53] Resource store.INFO: data->   AAAAAA MAMA carlos no mires tonto el que lo lea                                              nico [] []
[2017-03-13 15:01:15] Resource store.INFO: data->   hola como estas yo bien y tu? lorem ipsum                                              fran [] []
[2017-03-26 18:00:30] Resource store.INFO: Se guardó la imagen "7687fe9f5511384e104923bfec6e85a1.jpg" en la carpeta "C:\Users\nicof\PhpStormProyects\tsfi\public\images\7687fe9f5511384e104923bfec6e85a1.jpg" [] []
[2017-03-26 18:00:50] Resource store.INFO: Se guardó la imagen "a06cfedc8cd4df4181a630e0158d109f.jpg" en la carpeta "C:\Users\nicof\PhpStormProyects\tsfi\public\images\a06cfedc8cd4df4181a630e0158d109f.jpg" [] []
[2017-03-26 18:02:10] Resource store.INFO: Se guardó la imagen "e539522a6f43977f62fe8aea02bff4ae.jpg" en la carpeta "C:\Users\nicof\PhpStormProyects\tsfi\public\images\e539522a6f43977f62fe8aea02bff4ae.jpg" [] []
[2017-03-26 18:02:36] Resource store.INFO: Se guardó la imagen "0a4f87823ced50da30674e7877f71918.jpg" en la carpeta "C:\Users\nicof\PhpStormProyects\tsfi\public\images\0a4f87823ced50da30674e7877f71918.jpg" [] []
[2017-03-26 18:02:52] Resource store.INFO: Se guardó la imagen "b1bb3ac4a18f7bb4bd5ed4ec4ec86445.jpg" en la carpeta "C:\Users\nicof\PhpStormProyects\tsfi\public\images\b1bb3ac4a18f7bb4bd5ed4ec4ec86445.jpg" [] []
[2017-03-26 18:04:15] Resource store.INFO: Se guardó la imagen "61bdd13f1d02b0349bb25e2e0e54c45e.jpg" en la carpeta "C:\Users\nicof\PhpStormProyects\tsfi\public\images\61bdd13f1d02b0349bb25e2e0e54c45e.jpg" [] []
[2017-03-26 18:04:35] Resource store.INFO: Se guardó la imagen "e2b345b93ac467c25ab9f873cdf255b0.jpg" en la carpeta "C:\Users\nicof\PhpStormProyects\tsfi\public\images\e2b345b93ac467c25ab9f873cdf255b0.jpg" [] []
[2017-03-26 18:04:59] Resource store.INFO: Se guardó la imagen "12e72e9d9ef3aaaaee80f71685552916.jpg" en la carpeta "C:\Users\nicof\PhpStormProyects\tsfi\public\images\12e72e9d9ef3aaaaee80f71685552916.jpg" [] []
[2017-03-26 18:08:14] Resource store.INFO: Se guardó la imagen "a8ee6b6be06bf84fec023b57a8fecf9f.jpg" en la carpeta "C:\Users\nicof\PhpStormProyects\tsfi\public\images\a8ee6b6be06bf84fec023b57a8fecf9f.jpg" [] []
[2017-03-26 18:08:30] Resource store.INFO: Se guardó la imagen "8591fce167ebe57bec198d33eda21b54.jpg" en la carpeta "C:\Users\nicof\PhpStormProyects\tsfi\public\images\8591fce167ebe57bec198d33eda21b54.jpg" [] []
[2017-03-26 18:21:04] Resource store.INFO: Se guardó la imagen "1d295e1d9f66be1eade250c566c74094.jpg" en la carpeta "C:\Users\nicof\PhpStormProyects\tsfi\public\images\1d295e1d9f66be1eade250c566c74094.jpg" [] []
[2017-03-26 18:21:34] Resource store.INFO: Se guardó la imagen "ae6b590bda9f5330edef61e9051aa537.jpg" en la carpeta "C:\Users\nicof\PhpStormProyects\tsfi\public\images\ae6b590bda9f5330edef61e9051aa537.jpg" [] []
[2017-03-26 18:23:54] Resource store.INFO: Se guardó la imagen "8da3e9a68daf309575125bbc16c565df.jpg" en la carpeta "C:\Users\nicof\PhpStormProyects\tsfi\public\images\8da3e9a68daf309575125bbc16c565df.jpg" [] []
[2017-03-26 18:24:16] Resource store.INFO: Se guardó la imagen "42c0ec9f073870d89b8c8ad8564e226b.jpg" en la carpeta "C:\Users\nicof\PhpStormProyects\tsfi\public\images\42c0ec9f073870d89b8c8ad8564e226b.jpg" [] []
[2017-03-26 18:24:45] Resource store.INFO: Se guardó la imagen "1d248d7407e3c05ecaf6bab5990e9984.jpg" en la carpeta "C:\Users\nicof\PhpStormProyects\tsfi\public\images\1d248d7407e3c05ecaf6bab5990e9984.jpg" [] []
[2017-03-26 18:25:05] Resource store.INFO: Se guardó la imagen "8ca77796db31a1e1fb488bf86060a602.jpg" en la carpeta "C:\Users\nicof\PhpStormProyects\tsfi\public\images\8ca77796db31a1e1fb488bf86060a602.jpg" [] []
[2017-03-26 18:25:22] Resource store.INFO: Se guardó la imagen "26364e8b1c1e379a2bc0fbdb40bfdea4.jpg" en la carpeta "C:\Users\nicof\PhpStormProyects\tsfi\public\images\26364e8b1c1e379a2bc0fbdb40bfdea4.jpg" [] []
[2017-03-26 18:26:33] Resource store.INFO: Se guardó la imagen "95b998961a5604f4f42d382150ec715b.jpg" en la carpeta "C:\Users\nicof\PhpStormProyects\tsfi\public\images\95b998961a5604f4f42d382150ec715b.jpg" [] []
[2017-03-26 18:27:02] Resource store.INFO: Se guardó la imagen "eeb8b138a681a8e6053ce9917ba035ee.jpg" en la carpeta "C:\Users\nicof\PhpStormProyects\tsfi\public\images\eeb8b138a681a8e6053ce9917ba035ee.jpg" [] []
[2017-03-26 18:27:24] Resource store.INFO: Se guardó la imagen "b8e7e66ccd0da57614b12310a6a18051.jpg" en la carpeta "C:\Users\nicof\PhpStormProyects\tsfi\public\images\b8e7e66ccd0da57614b12310a6a18051.jpg" [] []
[2017-03-26 18:28:11] Resource store.INFO: Se guardó la imagen "ded7816684d2465f7544fd54bd95f276.jpg" en la carpeta "C:\Users\nicof\PhpStormProyects\tsfi\public\images\ded7816684d2465f7544fd54bd95f276.jpg" [] []
[2017-03-26 18:28:41] Resource store.INFO: Se guardó la imagen "257ce77ccab4e63ad0c7bd809f21f5a2.jpg" en la carpeta "C:\Users\nicof\PhpStormProyects\tsfi\public\images\257ce77ccab4e63ad0c7bd809f21f5a2.jpg" [] []
[2017-03-26 18:30:32] Resource store.INFO: Se guardó la imagen "0a0ac362678a3ba81d267794378e7a64.jpg" en la carpeta "C:\Users\nicof\PhpStormProyects\tsfi\public\images\0a0ac362678a3ba81d267794378e7a64.jpg" [] []
[2017-03-26 18:31:01] Resource store.INFO: Se guardó la imagen "d3c471894a521fd4bf25f961158c6b25.jpg" en la carpeta "C:\Users\nicof\PhpStormProyects\tsfi\public\images\d3c471894a521fd4bf25f961158c6b25.jpg" [] []
[2017-03-26 18:31:53] Resource store.INFO: Se guardó la imagen "0002cdef10657c62479d8be11fe39829.jpg" en la carpeta "C:\Users\nicof\PhpStormProyects\tsfi\public\images\0002cdef10657c62479d8be11fe39829.jpg" [] []
[2017-03-26 18:32:31] Resource store.INFO: Se guardó la imagen "8f7cd756d5863d9d95f56f1cecc7063a.jpg" en la carpeta "C:\Users\nicof\PhpStormProyects\tsfi\public\images\8f7cd756d5863d9d95f56f1cecc7063a.jpg" [] []
[2017-03-26 18:33:21] Resource store.INFO: Se guardó la imagen "e4a269fdffeca64660c575e5a994af9a.jpg" en la carpeta "C:\Users\nicof\PhpStormProyects\tsfi\public\images\e4a269fdffeca64660c575e5a994af9a.jpg" [] []
[2017-03-26 18:33:54] Resource store.INFO: Se guardó la imagen "480e54913138228349a406bade5cbff9.jpg" en la carpeta "C:\Users\nicof\PhpStormProyects\tsfi\public\images\480e54913138228349a406bade5cbff9.jpg" [] []
[2017-03-26 18:34:08] Resource store.INFO: Se guardó la imagen "da7fc1fa33b08f6a4778e4edb05a9b63.jpg" en la carpeta "C:\Users\nicof\PhpStormProyects\tsfi\public\images\da7fc1fa33b08f6a4778e4edb05a9b63.jpg" [] []
[2017-03-26 18:35:53] Resource store.INFO: Se guardó la imagen "b663c2ceefc118c72c37e4ce394cb7a1.jpg" en la carpeta "C:\Users\nicof\PhpStormProyects\tsfi\public\images\b663c2ceefc118c72c37e4ce394cb7a1.jpg" [] []
[2017-03-26 18:36:13] Resource store.INFO: Se guardó la imagen "aedc9a3efb47bba83ac486e8c121ac37.jpg" en la carpeta "C:\Users\nicof\PhpStormProyects\tsfi\public\images\aedc9a3efb47bba83ac486e8c121ac37.jpg" [] []
[2017-03-26 18:41:30] Resource store.INFO: Se guardó la imagen "e830085e7d03e982c47af1b1caf4c17a.jpg" en la carpeta "C:\Users\nicof\PhpStormProyects\tsfi\public\images\e830085e7d03e982c47af1b1caf4c17a.jpg" [] []
[2017-03-26 18:41:48] Resource store.INFO: Se guardó la imagen "cab85ceb12b574f15ca6ad603283c5d0.jpg" en la carpeta "C:\Users\nicof\PhpStormProyects\tsfi\public\images\cab85ceb12b574f15ca6ad603283c5d0.jpg" [] []
[2017-03-26 18:42:34] Resource store.INFO: Se guardó la imagen "a5bea92e471d4a399b99d694a66acb62.jpg" en la carpeta "C:\Users\nicof\PhpStormProyects\tsfi\public\images\a5bea92e471d4a399b99d694a66acb62.jpg" [] []
[2017-03-26 18:42:50] Resource store.INFO: Se guardó la imagen "51a4823f3deb81bc87f8c6461766f220.jpg" en la carpeta "C:\Users\nicof\PhpStormProyects\tsfi\public\images\51a4823f3deb81bc87f8c6461766f220.jpg" [] []
[2017-03-26 18:43:06] Resource store.INFO: Se guardó la imagen "e1d1a9034dcfb73627488e54184e607f.jpg" en la carpeta "C:\Users\nicof\PhpStormProyects\tsfi\public\images\e1d1a9034dcfb73627488e54184e607f.jpg" [] []
[2017-03-26 18:43:51] Resource store.INFO: Se guardó la imagen "4cde79985ccc38d1825389e42674455b.jpg" en la carpeta "C:\Users\nicof\PhpStormProyects\tsfi\public\images\4cde79985ccc38d1825389e42674455b.jpg" [] []
[2017-03-26 18:43:59] Resource store.INFO: Se guardó la imagen "6db10245d94752303e6ed7affc38a51c.jpg" en la carpeta "C:\Users\nicof\PhpStormProyects\tsfi\public\images\6db10245d94752303e6ed7affc38a51c.jpg" [] []
[2017-03-26 18:44:10] Resource store.INFO: Se guardó la imagen "660199836ebca5e71bc2f13cf4551cf3.jpg" en la carpeta "C:\Users\nicof\PhpStormProyects\tsfi\public\images\660199836ebca5e71bc2f13cf4551cf3.jpg" [] []
[2017-03-26 18:44:18] Resource store.INFO: Se guardó la imagen "8aeec45cb248ce2604a2bb5fb82f6069.jpg" en la carpeta "C:\Users\nicof\PhpStormProyects\tsfi\public\images\8aeec45cb248ce2604a2bb5fb82f6069.jpg" [] []
[2017-03-26 18:44:43] Resource store.INFO: Se guardó la imagen "ba4c9a52afc85b4476917af30d117176.jpg" en la carpeta "C:\Users\nicof\PhpStormProyects\tsfi\public\images\ba4c9a52afc85b4476917af30d117176.jpg" [] []
[2017-03-26 18:45:02] Resource store.INFO: Se guardó la imagen "580fca6b60d983e5463d90b42bda16fa.jpg" en la carpeta "C:\Users\nicof\PhpStormProyects\tsfi\public\images\580fca6b60d983e5463d90b42bda16fa.jpg" [] []
[2017-03-26 18:45:10] Resource store.INFO: Se guardó la imagen "47d3fc2f35c47104bf713fcb257cd3c0.jpg" en la carpeta "C:\Users\nicof\PhpStormProyects\tsfi\public\images\47d3fc2f35c47104bf713fcb257cd3c0.jpg" [] []
[2017-03-26 18:46:27] Resource store.INFO: Se guardó la imagen "0318cb57c0d4e8e9d14707021033b680.jpg" en la carpeta "C:\Users\nicof\PhpStormProyects\tsfi\public\images\0318cb57c0d4e8e9d14707021033b680.jpg" [] []
[2017-03-26 18:47:02] Resource store.INFO: Se guardó la imagen "73a2fc485d4e7d50b97904f463aedc54.jpg" en la carpeta "C:\Users\nicof\PhpStormProyects\tsfi\public\images\73a2fc485d4e7d50b97904f463aedc54.jpg" [] []
[2017-03-26 18:48:12] Resource store.INFO: Se guardó la imagen "f319de6cc68b4521b7017d0bfb917291.jpg" en la carpeta "C:\Users\nicof\PhpStormProyects\tsfi\public\images\f319de6cc68b4521b7017d0bfb917291.jpg" [] []
[2017-03-26 18:49:31] Resource store.INFO: Se guardó la imagen "7dacc771536cf24971c3f59720b6fe77.jpg" en la carpeta "C:\Users\nicof\PhpStormProyects\tsfi\public\images\7dacc771536cf24971c3f59720b6fe77.jpg" [] []
[2017-03-26 18:49:41] Resource store.INFO: Se guardó la imagen "47f0badd19876e6efbf98a76f76f1c10.jpg" en la carpeta "C:\Users\nicof\PhpStormProyects\tsfi\public\images\47f0badd19876e6efbf98a76f76f1c10.jpg" [] []
[2017-03-26 18:49:58] Resource store.INFO: Se guardó la imagen "13528bf2d151fe544a98daa047c31650.jpg" en la carpeta "C:\Users\nicof\PhpStormProyects\tsfi\public\images\13528bf2d151fe544a98daa047c31650.jpg" [] []
[2017-03-26 18:51:55] Resource store.INFO: Se guardó la imagen "e2e5036fa5893be21bdd718e44b13b0b.jpg" en la carpeta "C:\Users\nicof\PhpStormProyects\tsfi\public\images\e2e5036fa5893be21bdd718e44b13b0b.jpg" [] []
[2017-03-26 18:52:05] Resource store.INFO: Se guardó la imagen "bc6999f4dc575baa6370b55842a12c16.jpg" en la carpeta "C:\Users\nicof\PhpStormProyects\tsfi\public\images\bc6999f4dc575baa6370b55842a12c16.jpg" [] []
[2017-03-26 18:58:51] Resource store.INFO: Se guardó la imagen "17ca3b225c93e5684afa4000e4307e18.jpg" en la carpeta "C:\Users\nicof\PhpStormProyects\tsfi\public\images\17ca3b225c93e5684afa4000e4307e18.jpg" [] []
[2017-03-26 18:59:12] Resource store.INFO: Se guardó la imagen "12b4959bc416f726f870049b0c682285.jpg" en la carpeta "C:\Users\nicof\PhpStormProyects\tsfi\public\images\12b4959bc416f726f870049b0c682285.jpg" [] []
[2017-03-26 19:01:33] Resource store.INFO: Se guardó la imagen "11f4562f35e7742346e002ee802ae78c.jpg" en la carpeta "C:\Users\nicof\PhpStormProyects\tsfi\public\images\11f4562f35e7742346e002ee802ae78c.jpg" [] []
[2017-03-26 19:02:18] Resource store.INFO: Se guardó la imagen "c1d1343098c078f68be04b8c231ecbf4.jpg" en la carpeta "C:\Users\nicof\PhpStormProyects\tsfi\public\images\c1d1343098c078f68be04b8c231ecbf4.jpg" [] []
[2017-03-26 19:03:01] Resource store.INFO: Se guardó la imagen "8638a2af5c281fa2fb93f2161e1dcf9b.jpg" en la carpeta "C:\Users\nicof\PhpStormProyects\tsfi\public\images\8638a2af5c281fa2fb93f2161e1dcf9b.jpg" [] []
[2017-03-26 19:03:26] Resource store.INFO: Se guardó la imagen "1f4a9d472b5d18eceaf719e7e76fdbc7.jpg" en la carpeta "C:\Users\nicof\PhpStormProyects\tsfi\public\images\1f4a9d472b5d18eceaf719e7e76fdbc7.jpg" [] []
[2017-03-26 19:03:51] Resource store.INFO: Se guardó la imagen "c2cfad5c840883edbda6ad2920d0e76f.jpg" en la carpeta "C:\Users\nicof\PhpStormProyects\tsfi\public\images\c2cfad5c840883edbda6ad2920d0e76f.jpg" [] []
[2017-03-26 19:05:42] Resource store.INFO: Se guardó la imagen "5f2600507f1c2bbb90a869851c7f35ad.jpg" en la carpeta "C:\Users\nicof\PhpStormProyects\tsfi\public\images\5f2600507f1c2bbb90a869851c7f35ad.jpg" [] []
[2017-03-26 19:06:43] Resource store.INFO: Se guardó la imagen "f3314ceae453b8ca9ba7eb1ebe9c2f9e.jpg" en la carpeta "C:\Users\nicof\PhpStormProyects\tsfi\public\images\f3314ceae453b8ca9ba7eb1ebe9c2f9e.jpg" [] []
[2017-03-26 19:07:25] Resource store.INFO: Se guardó la imagen "47d735281555dafce415ea7a586119eb.jpg" en la carpeta "C:\Users\nicof\PhpStormProyects\tsfi\public\images\47d735281555dafce415ea7a586119eb.jpg" [] []
[2017-03-26 19:07:41] Resource store.INFO: Se guardó la imagen "aa7ad79901836437164f5fdb4f2c156a.jpg" en la carpeta "C:\Users\nicof\PhpStormProyects\tsfi\public\images\aa7ad79901836437164f5fdb4f2c156a.jpg" [] []
[2017-03-26 19:07:48] Resource store.INFO: Se guardó la imagen "98c65ce11fac8ad2c3de76641f8aca96.jpg" en la carpeta "C:\Users\nicof\PhpStormProyects\tsfi\public\images\98c65ce11fac8ad2c3de76641f8aca96.jpg" [] []
[2017-03-26 19:08:30] Resource store.INFO: Se guardó la imagen "638000a64cbfc38afe9b99366f6a5a60.jpg" en la carpeta "C:\Users\nicof\PhpStormProyects\tsfi\public\images\638000a64cbfc38afe9b99366f6a5a60.jpg" [] []
[2017-03-26 19:11:15] Resource store.INFO: Se guardó la imagen "2ed279ae383127e1b9e046fe86c8ccb9.jpg" en la carpeta "C:\Users\nicof\PhpStormProyects\tsfi\public\images\2ed279ae383127e1b9e046fe86c8ccb9.jpg" [] []
[2017-03-26 19:11:45] Resource store.INFO: Se guardó la imagen "3cab57f84af8bb16ad57850c888da159.jpg" en la carpeta "C:\Users\nicof\PhpStormProyects\tsfi\public\images\3cab57f84af8bb16ad57850c888da159.jpg" [] []
[2017-03-26 19:12:40] Resource store.INFO: Se guardó la imagen "89f2e57cf6c3df2d8ea8067f9148e520.jpg" en la carpeta "C:\Users\nicof\PhpStormProyects\tsfi\public\images\89f2e57cf6c3df2d8ea8067f9148e520.jpg" [] []
[2017-03-26 19:13:10] Resource store.INFO: Se guardó la imagen "b414e33e01a3246064dbdacada6099af.jpg" en la carpeta "C:\Users\nicof\PhpStormProyects\tsfi\public\images\b414e33e01a3246064dbdacada6099af.jpg" [] []
[2017-03-26 19:15:21] Resource store.INFO: Se guardó la imagen "57f14c9c95f4ca22d5f839022f0a7189.jpg" en la carpeta "C:\Users\nicof\PhpStormProyects\tsfi\public\images\57f14c9c95f4ca22d5f839022f0a7189.jpg" [] []
[2017-03-26 19:36:30] Resource store.INFO: Se guardó la imagen "03e152743043dc6555ef33e92531efe8.jpg" en la carpeta "C:\Users\nicof\PhpStormProyects\tsfi\public\images\03e152743043dc6555ef33e92531efe8.jpg" [] []
[2017-03-26 19:36:35] Resource store.INFO: Se guardó la imagen "d74d16400a0b3cd7b43dc10647e802e6.jpg" en la carpeta "C:\Users\nicof\PhpStormProyects\tsfi\public\images\d74d16400a0b3cd7b43dc10647e802e6.jpg" [] []
[2017-03-26 19:39:48] Resource store.INFO: Se guardó la imagen "6233832853693be88190ab01bdb8170b.jpg" en la carpeta "C:\Users\nicof\PhpStormProyects\tsfi\public\images\6233832853693be88190ab01bdb8170b.jpg" [] []
[2017-03-26 19:42:25] Resource store.INFO: Se guardó la imagen "7d5fbb94e9a88f1b41f04e6bc8b861e3.jpg" en la carpeta "C:\Users\nicof\PhpStormProyects\tsfi\public\images\7d5fbb94e9a88f1b41f04e6bc8b861e3.jpg" [] []
[2017-03-26 19:43:59] Resource store.INFO: Se guardó la imagen "eb7ad93aadf9a0a4ec236c8a34270e6f.jpg" en la carpeta "C:\Users\nicof\PhpStormProyects\tsfi\public\images\eb7ad93aadf9a0a4ec236c8a34270e6f.jpg" [] []
[2017-03-26 19:44:33] Resource store.INFO: Se guardó la imagen "c989d346d25834f31a3354b6f2d1a82b.jpg" en la carpeta "C:\Users\nicof\PhpStormProyects\tsfi\public\images\c989d346d25834f31a3354b6f2d1a82b.jpg" [] []
[2017-03-26 19:45:18] Resource store.INFO: Se guardó la imagen "68a569d77b6aa2e25b60db0d005dae78.jpg" en la carpeta "C:\Users\nicof\PhpStormProyects\tsfi\public\images\68a569d77b6aa2e25b60db0d005dae78.jpg" [] []
[2017-03-26 19:45:48] Resource store.INFO: Se guardó la imagen "3d6ac970a7d5a00de50fd83342190a58.jpg" en la carpeta "C:\Users\nicof\PhpStormProyects\tsfi\public\images\3d6ac970a7d5a00de50fd83342190a58.jpg" [] []
[2017-03-26 19:47:04] Resource store.INFO: Se guardó la imagen "ce7e3333161272d0e361fdcbbd1703ff.jpg" en la carpeta "C:\Users\nicof\PhpStormProyects\tsfi\public\images\ce7e3333161272d0e361fdcbbd1703ff.jpg" [] []
[2017-03-26 19:47:27] Resource store.INFO: Se guardó la imagen "175c5b925c9fc234ef066fc33de40bee.jpg" en la carpeta "C:\Users\nicof\PhpStormProyects\tsfi\public\images\175c5b925c9fc234ef066fc33de40bee.jpg" [] []
[2017-03-26 20:15:40] Resource store.INFO: Se guardó la imagen "8eaa031672188a84b318480572127ae2.jpg" en la carpeta "C:\Users\nicof\PhpStormProyects\tsfi\public\images\8eaa031672188a84b318480572127ae2.jpg" [] []
[2017-03-26 20:16:07] Resource store.INFO: Se guardó la imagen "647eaf7ec3e5606690cde8ac347ad25a.jpg" en la carpeta "C:\Users\nicof\PhpStormProyects\tsfi\public\images\647eaf7ec3e5606690cde8ac347ad25a.jpg" [] []
[2017-03-26 20:16:53] Resource store.INFO: Se guardó la imagen "6f4ddd2d952864424c4173ed3f4482b6.jpg" en la carpeta "C:\Users\nicof\PhpStormProyects\tsfi\public\images\6f4ddd2d952864424c4173ed3f4482b6.jpg" [] []
[2017-03-26 20:20:13] Resource store.INFO: Se guardó la imagen "0fa5bdab20c7189682b259e67ee6cd7f.jpg" en la carpeta "C:\Users\nicof\PhpStormProyects\tsfi\public\images\0fa5bdab20c7189682b259e67ee6cd7f.jpg" [] []
[2017-03-26 20:20:51] Resource store.INFO: Se guardó la imagen "516bc1755880b54c79b904102868e049.jpg" en la carpeta "C:\Users\nicof\PhpStormProyects\tsfi\public\images\516bc1755880b54c79b904102868e049.jpg" [] []
[2017-03-26 20:23:56] Resource store.INFO: Se guardó la imagen "bfde93eacda10f3c188f73a04b1934bc.jpg" en la carpeta "C:\Users\nicof\PhpStormProyects\tsfi\public\images\bfde93eacda10f3c188f73a04b1934bc.jpg" [] []
[2017-03-26 20:24:47] Resource store.INFO: Se guardó la imagen "a8d846163dedbbe540f0a01a716f2099.jpg" en la carpeta "C:\Users\nicof\PhpStormProyects\tsfi\public\images\a8d846163dedbbe540f0a01a716f2099.jpg" [] []
[2017-03-26 20:25:48] Resource store.INFO: Se guardó la imagen "6e5ddce11bda29f6f1f7ca4660f53d2d.jpg" en la carpeta "C:\Users\nicof\PhpStormProyects\tsfi\public\images\6e5ddce11bda29f6f1f7ca4660f53d2d.jpg" [] []
[2017-03-26 20:27:39] Resource store.INFO: Se guardó la imagen "f7d6d49c72a2be3eee7897512a634254.jpg" en la carpeta "C:\Users\nicof\PhpStormProyects\tsfi\public\images\f7d6d49c72a2be3eee7897512a634254.jpg" [] []
[2017-03-26 20:27:53] Resource store.INFO: Se guardó la imagen "bac9541ed3f2420f772a04b032ec9249.jpg" en la carpeta "C:\Users\nicof\PhpStormProyects\tsfi\public\images\bac9541ed3f2420f772a04b032ec9249.jpg" [] []
[2017-03-26 20:28:25] Resource store.INFO: Se guardó la imagen "f82267d95fe1f9d85b192a78132e773d.jpg" en la carpeta "C:\Users\nicof\PhpStormProyects\tsfi\public\images\f82267d95fe1f9d85b192a78132e773d.jpg" [] []
[2017-03-26 20:28:59] Resource store.INFO: Se guardó la imagen "9d68e796174de51c4285e9ce7c9f27f1.jpg" en la carpeta "C:\Users\nicof\PhpStormProyects\tsfi\public\images\9d68e796174de51c4285e9ce7c9f27f1.jpg" [] []
[2017-03-26 20:32:29] Resource store.INFO: Se guardó la imagen "be70e980a5ea5c0b577e96d2b4d82dc5.jpg" en la carpeta "C:\Users\nicof\PhpStormProyects\tsfi\public\images\be70e980a5ea5c0b577e96d2b4d82dc5.jpg" [] []
